  main.cpp
d:\nyu\sem 1\inteactive computer graphics\my program\assignment 2\template\windows\main.cpp(278): warning C4018: '<': signed/unsigned mismatch
d:\nyu\sem 1\inteactive computer graphics\my program\assignment 2\template\windows\main.cpp(296): warning C4018: '<': signed/unsigned mismatch
d:\nyu\sem 1\inteactive computer graphics\my program\assignment 2\template\windows\main.cpp(297): warning C4018: '<': signed/unsigned mismatch
d:\nyu\sem 1\inteactive computer graphics\my program\assignment 2\template\windows\main.cpp(350): warning C4244: 'initializing': conversion from 'int' to 'float', possible loss of data
d:\nyu\sem 1\inteactive computer graphics\my program\assignment 2\template\windows\main.cpp(436): warning C4305: 'argument': truncation from 'double' to 'GLfloat'
d:\nyu\sem 1\inteactive computer graphics\my program\assignment 2\template\windows\main.cpp(445): warning C4305: 'argument': truncation from 'double' to 'GLfloat'
d:\nyu\sem 1\inteactive computer graphics\my program\assignment 2\template\windows\geometrymaker.h(60): warning C4244: 'initializing': conversion from 'double' to 'float', possible loss of data
  d:\nyu\sem 1\inteactive computer graphics\my program\assignment 2\template\windows\main.cpp(189): note: see reference to function template instantiation 'void makeCube<std::_Vector_iterator<std::_Vector_val<std::_Simple_types<VertexPN>>>,std::_Vector_iterator<std::_Vector_val<std::_Simple_types<unsigned short>>>>(float,VtxOutIter,IdxOutIter)' being compiled
          with
          [
              VtxOutIter=std::_Vector_iterator<std::_Vector_val<std::_Simple_types<VertexPN>>>,
              IdxOutIter=std::_Vector_iterator<std::_Vector_val<std::_Simple_types<unsigned short>>>
          ]
d:\nyu\sem 1\inteactive computer graphics\my program\assignment 2\template\windows\geometrymaker.h(151): warning C4244: 'initializing': conversion from 'double' to 'float', possible loss of data
  d:\nyu\sem 1\inteactive computer graphics\my program\assignment 2\template\windows\main.cpp(217): note: see reference to function template instantiation 'void makeSphere<std::_Vector_iterator<std::_Vector_val<std::_Simple_types<VertexPN>>>,std::_Vector_iterator<std::_Vector_val<std::_Simple_types<unsigned short>>>>(float,int,int,VtxOutIter,IdxOutIter)' being compiled
          with
          [
              VtxOutIter=std::_Vector_iterator<std::_Vector_val<std::_Simple_types<VertexPN>>>,
              IdxOutIter=std::_Vector_iterator<std::_Vector_val<std::_Simple_types<unsigned short>>>
          ]
d:\nyu\sem 1\inteactive computer graphics\my program\assignment 2\template\windows\geometrymaker.h(152): warning C4244: 'initializing': conversion from 'double' to 'float', possible loss of data
d:\nyu\sem 1\inteactive computer graphics\my program\assignment 2\template\windows\geometrymaker.h(153): warning C4244: 'initializing': conversion from 'double' to 'float', possible loss of data
d:\nyu\sem 1\inteactive computer graphics\my program\assignment 2\template\windows\geometrymaker.h(156): warning C4244: 'argument': conversion from 'double' to 'const float', possible loss of data
d:\nyu\sem 1\inteactive computer graphics\my program\assignment 2\template\windows\geometrymaker.h(164): warning C4244: 'argument': conversion from 'double' to 'float', possible loss of data
d:\nyu\sem 1\inteactive computer graphics\my program\assignment 2\template\windows\geometrymaker.h(40): warning C4244: 'initializing': conversion from 'double' to 'float', possible loss of data
  d:\nyu\sem 1\inteactive computer graphics\my program\assignment 2\template\windows\main.cpp(245): note: see reference to function template instantiation 'void makePlane<std::_Vector_iterator<std::_Vector_val<std::_Simple_types<VertexPN>>>,std::_Vector_iterator<std::_Vector_val<std::_Simple_types<unsigned short>>>>(float,VtxOutIter,IdxOutIter)' being compiled
          with
          [
              VtxOutIter=std::_Vector_iterator<std::_Vector_val<std::_Simple_types<VertexPN>>>,
              IdxOutIter=std::_Vector_iterator<std::_Vector_val<std::_Simple_types<unsigned short>>>
          ]
  TemplateProject.vcxproj -> D:\NYU\Sem 1\Inteactive Computer Graphics\My Program\Assignment 2\template\windows\Debug\TemplateProject.exe
  TemplateProject.vcxproj -> D:\NYU\Sem 1\Inteactive Computer Graphics\My Program\Assignment 2\template\windows\Debug\TemplateProject.pdb (Full PDB)
